<?xml version="1.0" encoding="UTF-8"?>
<!-- Generated by org.testng.reporters.JUnitReportReporter -->
<testsuite skipped="0" hostname="Acer-PC" name="testNGgk.TC04" tests="5" failures="0" timestamp="09 Jul 2017 06:00:58 GMT" time="0.062" errors="0">
  <testcase name="Car1" time="0.040" classname="testNGgk.TC04"/>
  <testcase name="Car2" time="0.008" classname="testNGgk.TC04"/>
  <testcase name="Sedan1" time="0.005" classname="testNGgk.TC04"/>
  <testcase name="Scooter1" time="0.004" classname="testNGgk.TC04"/>
  <testcase name="Scooter2" time="0.005" classname="testNGgk.TC04"/>
</testsuite> <!-- testNGgk.TC04 -->
