<?xml version="1.0" encoding="UTF-8"?>
<!-- Generated by org.testng.reporters.JUnitReportReporter -->
<testsuite skipped="0" hostname="Acer-PC" name="testNGgk.TC03" tests="4" failures="0" timestamp="09 Jul 2017 05:17:47 GMT" time="0.021" errors="0">
  <testcase name="test6" time="0.016" classname="testNGgk.TC03"/>
  <testcase name="test5" time="0.005" classname="testNGgk.TC03"/>
  <testcase name="test5" time="0.000" classname="testNGgk.TC03"/>
  <testcase name="test6" time="0.000" classname="testNGgk.TC03"/>
</testsuite> <!-- testNGgk.TC03 -->
