<?xml version="1.0" encoding="UTF-8"?>
<!-- Generated by org.testng.reporters.JUnitReportReporter -->
<testsuite skipped="2" hostname="Acer-PC" name="testNGgk.TC01" tests="4" failures="0" timestamp="09 Jul 2017 05:17:47 GMT" time="0.048" errors="0">
  <testcase name="test1" time="0.032" classname="testNGgk.TC01"/>
  <testcase name="test2" time="0.016" classname="testNGgk.TC01"/>
  <testcase name="test3" classname="testNGgk.TC01">
    <skipped/>
  </testcase> <!-- test3 -->
  <testcase name="test4" classname="testNGgk.TC01">
    <skipped/>
  </testcase> <!-- test4 -->
</testsuite> <!-- testNGgk.TC01 -->
