<?xml version="1.0" encoding="UTF-8"?>
<!-- Generated by org.testng.reporters.JUnitReportReporter -->
<testsuite skipped="0" hostname="Acer-PC" name="com.ecom.TC03" tests="2" failures="0" timestamp="29 May 2017 16:57:01 GMT" time="0.030" errors="0">
  <testcase name="testtwo" time="0.006" classname="com.ecom.TC03"/>
  <testcase name="testone" time="0.024" classname="com.ecom.TC03"/>
</testsuite> <!-- com.ecom.TC03 -->
